INFO:elastalert:Starting up
INFO:elastalert:Queried rule CPU spike from 2016-06-21 01:39 UTC to 2016-06-21 01:41 UTC: 0 hits
INFO:elastalert:Ran CPU spike from 2016-06-21 01:39 UTC to 2016-06-21 01:41 UTC: 0 query hits, 0 matches, 0 alerts sent
INFO:elastalert:Sleeping for 58 seconds
INFO:elastalert:Queried rule CPU spike from 2016-06-21 01:40 UTC to 2016-06-21 01:42 UTC: 0 hits
INFO:elastalert:Ran CPU spike from 2016-06-21 01:40 UTC to 2016-06-21 01:42 UTC: 0 query hits, 0 matches, 0 alerts sent
INFO:elastalert:Sleeping for 59 seconds
INFO:elastalert:Queried rule CPU spike from 2016-06-21 01:41 UTC to 2016-06-21 01:43 UTC: 0 hits
INFO:elastalert:Ran CPU spike from 2016-06-21 01:41 UTC to 2016-06-21 01:43 UTC: 0 query hits, 0 matches, 0 alerts sent
INFO:elastalert:Sleeping for 59 seconds
INFO:elastalert:SIGINT received, stopping ElastAlert...
INFO:elastalert:Starting up
INFO:elastalert:Queried rule CPU spike from 2016-06-21 01:53 UTC to 2016-06-21 01:55 UTC: 0 hits
INFO:elastalert:Ran CPU spike from 2016-06-21 01:53 UTC to 2016-06-21 01:55 UTC: 0 query hits, 0 matches, 0 alerts sent
INFO:elastalert:Sleeping for 59 seconds
INFO:elastalert:Queried rule CPU spike from 2016-06-21 01:54 UTC to 2016-06-21 01:56 UTC: 0 hits
INFO:elastalert:Ran CPU spike from 2016-06-21 01:54 UTC to 2016-06-21 01:56 UTC: 0 query hits, 0 matches, 0 alerts sent
INFO:elastalert:Sleeping for 59 seconds
INFO:elastalert:Queried rule CPU spike from 2016-06-21 01:55 UTC to 2016-06-21 01:57 UTC: 7 hits
INFO:elastalert:Ran CPU spike from 2016-06-21 01:55 UTC to 2016-06-21 01:57 UTC: 7 query hits, 0 matches, 0 alerts sent
INFO:elastalert:Sleeping for 59 seconds
INFO:elastalert:Queried rule CPU spike from 2016-06-21 01:56 UTC to 2016-06-21 01:58 UTC: 12 hits
INFO:elastalert:Ran CPU spike from 2016-06-21 01:56 UTC to 2016-06-21 01:58 UTC: 12 query hits, 0 matches, 0 alerts sent
INFO:elastalert:Sleeping for 59 seconds
INFO:elastalert:Queried rule CPU spike from 2016-06-21 01:57 UTC to 2016-06-21 01:59 UTC: 12 hits
INFO:elastalert:Ran CPU spike from 2016-06-21 01:57 UTC to 2016-06-21 01:59 UTC: 12 query hits, 0 matches, 0 alerts sent
INFO:elastalert:Sleeping for 59 seconds
INFO:elastalert:Queried rule CPU spike from 2016-06-21 01:58 UTC to 2016-06-21 02:00 UTC: 12 hits
INFO:elastalert:Ran CPU spike from 2016-06-21 01:58 UTC to 2016-06-21 02:00 UTC: 12 query hits, 0 matches, 0 alerts sent
INFO:elastalert:Sleeping for 59 seconds
INFO:elastalert:Queried rule CPU spike from 2016-06-21 01:58 UTC to 2016-06-21 02:00 UTC: 12 hits
INFO:elastalert:Ran CPU spike from 2016-06-21 01:58 UTC to 2016-06-21 02:00 UTC: 12 query hits, 0 matches, 0 alerts sent
INFO:elastalert:Sleeping for 59 seconds
INFO:elastalert:Queried rule CPU spike from 2016-06-21 01:59 UTC to 2016-06-21 02:01 UTC: 11 hits
INFO:elastalert:Ran CPU spike from 2016-06-21 01:59 UTC to 2016-06-21 02:01 UTC: 11 query hits, 0 matches, 0 alerts sent
INFO:elastalert:Sleeping for 59 seconds
INFO:elastalert:SIGINT received, stopping ElastAlert...
