2016-06-21 01:41:51,754 CRIT Supervisor running as root (no user in config file)
2016-06-21 01:41:52,141 INFO RPC interface 'supervisor' initialized
2016-06-21 01:41:52,153 CRIT Server 'unix_http_server' running without any HTTP authentication checking
2016-06-21 01:41:52,153 INFO supervisord started with pid 1
2016-06-21 01:41:53,158 INFO spawned: 'elastalert' with pid 78
2016-06-21 01:41:56,583 DEBG 'elastalert' stderr output:
INFO:elastalert:Starting up

2016-06-21 01:41:57,422 DEBG 'elastalert' stderr output:
INFO:elastalert:Queried rule CPU spike from 2016-06-21 01:39 UTC to 2016-06-21 01:41 UTC: 0 hits

2016-06-21 01:41:58,494 DEBG 'elastalert' stderr output:
INFO:elastalert:Ran CPU spike from 2016-06-21 01:39 UTC to 2016-06-21 01:41 UTC: 0 query hits, 0 matches, 0 alerts sent
INFO:elastalert:Sleeping for 58 seconds

2016-06-21 01:42:08,521 INFO success: elastalert entered RUNNING state, process has stayed up for > than 15 seconds (startsecs)
2016-06-21 01:42:56,637 DEBG 'elastalert' stderr output:
INFO:elastalert:Queried rule CPU spike from 2016-06-21 01:40 UTC to 2016-06-21 01:42 UTC: 0 hits

2016-06-21 01:42:56,689 DEBG 'elastalert' stderr output:
INFO:elastalert:Ran CPU spike from 2016-06-21 01:40 UTC to 2016-06-21 01:42 UTC: 0 query hits, 0 matches, 0 alerts sent
INFO:elastalert:Sleeping for 59 seconds

2016-06-21 01:43:55,784 DEBG 'elastalert' stderr output:
INFO:elastalert:Queried rule CPU spike from 2016-06-21 01:41 UTC to 2016-06-21 01:43 UTC: 0 hits

2016-06-21 01:43:55,839 DEBG 'elastalert' stderr output:
INFO:elastalert:Ran CPU spike from 2016-06-21 01:41 UTC to 2016-06-21 01:43 UTC: 0 query hits, 0 matches, 0 alerts sent
INFO:elastalert:Sleeping for 59 seconds

2016-06-21 01:44:54,294 WARN received SIGTERM indicating exit request
2016-06-21 01:44:54,295 DEBG killing elastalert (pid 78) process group with signal SIGINT
2016-06-21 01:44:54,295 INFO waiting for elastalert to die
2016-06-21 01:44:54,317 DEBG 'elastalert' stderr output:
INFO:elastalert:SIGINT received, stopping ElastAlert...

2016-06-21 01:44:54,317 DEBG fd 7 closed, stopped monitoring <POutputDispatcher at 140530870008000 for <Subprocess at 140530870725448 with name elastalert in state STOPPING> (stdout)>
2016-06-21 01:44:54,318 DEBG fd 9 closed, stopped monitoring <POutputDispatcher at 140530870006344 for <Subprocess at 140530870725448 with name elastalert in state STOPPING> (stderr)>
2016-06-21 01:44:54,318 INFO stopped: elastalert (exit status 0)
2016-06-21 01:44:54,318 DEBG received SIGCHLD indicating a child quit
2016-06-21 01:55:00,205 CRIT Supervisor running as root (no user in config file)
2016-06-21 01:55:00,580 INFO RPC interface 'supervisor' initialized
2016-06-21 01:55:00,580 CRIT Server 'unix_http_server' running without any HTTP authentication checking
2016-06-21 01:55:00,581 INFO supervisord started with pid 1
2016-06-21 01:55:01,587 INFO spawned: 'elastalert' with pid 90
2016-06-21 01:55:03,686 DEBG 'elastalert' stderr output:
INFO:elastalert:Starting up

2016-06-21 01:55:03,990 DEBG 'elastalert' stderr output:
INFO:elastalert:Queried rule CPU spike from 2016-06-21 01:53 UTC to 2016-06-21 01:55 UTC: 0 hits

2016-06-21 01:55:04,228 DEBG 'elastalert' stderr output:
INFO:elastalert:Ran CPU spike from 2016-06-21 01:53 UTC to 2016-06-21 01:55 UTC: 0 query hits, 0 matches, 0 alerts sent
INFO:elastalert:Sleeping for 59 seconds

2016-06-21 01:55:17,264 INFO success: elastalert entered RUNNING state, process has stayed up for > than 15 seconds (startsecs)
2016-06-21 01:56:03,416 DEBG 'elastalert' stderr output:
INFO:elastalert:Queried rule CPU spike from 2016-06-21 01:54 UTC to 2016-06-21 01:56 UTC: 0 hits

2016-06-21 01:56:03,494 DEBG 'elastalert' stderr output:
INFO:elastalert:Ran CPU spike from 2016-06-21 01:54 UTC to 2016-06-21 01:56 UTC: 0 query hits, 0 matches, 0 alerts sent

2016-06-21 01:56:03,495 DEBG 'elastalert' stderr output:
INFO:elastalert:Sleeping for 59 seconds

2016-06-21 01:57:02,663 DEBG 'elastalert' stderr output:
INFO:elastalert:Queried rule CPU spike from 2016-06-21 01:55 UTC to 2016-06-21 01:57 UTC: 7 hits

2016-06-21 01:57:02,768 DEBG 'elastalert' stderr output:
INFO:elastalert:Ran CPU spike from 2016-06-21 01:55 UTC to 2016-06-21 01:57 UTC: 7 query hits, 0 matches, 0 alerts sent

2016-06-21 01:57:02,768 DEBG 'elastalert' stderr output:
INFO:elastalert:Sleeping for 59 seconds

2016-06-21 01:58:01,947 DEBG 'elastalert' stderr output:
INFO:elastalert:Queried rule CPU spike from 2016-06-21 01:56 UTC to 2016-06-21 01:58 UTC: 12 hits

2016-06-21 01:58:02,016 DEBG 'elastalert' stderr output:
INFO:elastalert:Ran CPU spike from 2016-06-21 01:56 UTC to 2016-06-21 01:58 UTC: 12 query hits, 0 matches, 0 alerts sent
INFO:elastalert:Sleeping for 59 seconds

2016-06-21 01:59:01,196 DEBG 'elastalert' stderr output:
INFO:elastalert:Queried rule CPU spike from 2016-06-21 01:57 UTC to 2016-06-21 01:59 UTC: 12 hits

2016-06-21 01:59:01,275 DEBG 'elastalert' stderr output:
INFO:elastalert:Ran CPU spike from 2016-06-21 01:57 UTC to 2016-06-21 01:59 UTC: 12 query hits, 0 matches, 0 alerts sent
INFO:elastalert:Sleeping for 59 seconds

2016-06-21 02:00:00,430 DEBG 'elastalert' stderr output:
INFO:elastalert:Queried rule CPU spike from 2016-06-21 01:58 UTC to 2016-06-21 02:00 UTC: 12 hits

2016-06-21 02:00:00,486 DEBG 'elastalert' stderr output:
INFO:elastalert:Ran CPU spike from 2016-06-21 01:58 UTC to 2016-06-21 02:00 UTC: 12 query hits, 0 matches, 0 alerts sent
INFO:elastalert:Sleeping for 59 seconds

2016-06-21 02:00:59,622 DEBG 'elastalert' stderr output:
INFO:elastalert:Queried rule CPU spike from 2016-06-21 01:58 UTC to 2016-06-21 02:00 UTC: 12 hits

2016-06-21 02:00:59,694 DEBG 'elastalert' stderr output:
INFO:elastalert:Ran CPU spike from 2016-06-21 01:58 UTC to 2016-06-21 02:00 UTC: 12 query hits, 0 matches, 0 alerts sent

2016-06-21 02:00:59,695 DEBG 'elastalert' stderr output:
INFO:elastalert:Sleeping for 59 seconds

2016-06-21 02:01:58,822 DEBG 'elastalert' stderr output:
INFO:elastalert:Queried rule CPU spike from 2016-06-21 01:59 UTC to 2016-06-21 02:01 UTC: 11 hits

2016-06-21 02:01:58,887 DEBG 'elastalert' stderr output:
INFO:elastalert:Ran CPU spike from 2016-06-21 01:59 UTC to 2016-06-21 02:01 UTC: 11 query hits, 0 matches, 0 alerts sent
INFO:elastalert:Sleeping for 59 seconds

2016-06-21 02:02:09,684 WARN received SIGTERM indicating exit request
2016-06-21 02:02:09,684 DEBG killing elastalert (pid 90) process group with signal SIGINT
2016-06-21 02:02:09,684 INFO waiting for elastalert to die
2016-06-21 02:02:09,707 DEBG 'elastalert' stderr output:
INFO:elastalert:SIGINT received, stopping ElastAlert...

2016-06-21 02:02:09,729 DEBG fd 9 closed, stopped monitoring <POutputDispatcher at 140202055008840 for <Subprocess at 140202055727944 with name elastalert in state STOPPING> (stderr)>
2016-06-21 02:02:09,729 DEBG fd 7 closed, stopped monitoring <POutputDispatcher at 140202055010496 for <Subprocess at 140202055727944 with name elastalert in state STOPPING> (stdout)>
2016-06-21 02:02:09,730 INFO stopped: elastalert (exit status 0)
2016-06-21 02:02:09,730 DEBG received SIGCHLD indicating a child quit
